<?xml version="1.0" encoding="UTF-8"?>
<!-- Generated by org.testng.reporters.JUnitReportReporter -->
<testsuite hostname="DESKTOP-CRR22JH" failures="0" tests="3" name="testCases.TC003_RegisterNewPatient" time="49.744" errors="0" timestamp="2024-11-09T10:13:14 IST" skipped="0">
  <testcase classname="testCases.TC003_RegisterNewPatient" name="registerPatient" time="10.940"/>
  <testcase classname="testCases.TC003_RegisterNewPatient" name="registerPatient" time="11.576"/>
  <testcase classname="testCases.TC003_RegisterNewPatient" name="registerPatient" time="27.228"/>
</testsuite> <!-- testCases.TC003_RegisterNewPatient -->
