<?xml version="1.0" encoding="UTF-8"?>
<!-- Generated by org.testng.reporters.JUnitReportReporter -->
<testsuite hostname="DESKTOP-CRR22JH" failures="0" tests="1" name="testCases.TC004_RequestAppointment" time="26.642" errors="0" timestamp="2024-11-07T21:34:20 IST" skipped="0">
  <testcase classname="testCases.TC004_RequestAppointment" name="requestAppointment" time="26.642"/>
</testsuite> <!-- testCases.TC004_RequestAppointment -->
